<?xml version="1.0" encoding="UTF-8"?>
<!-- Generated by org.testng.reporters.JUnitReportReporter -->
<testsuite skipped="0" hostname="DESKTOP-NOU9GCV" name="sSDETGittt.Demogit" tests="1" failures="0" timestamp="13 Mar 2022 06:33:11 GMT" time="0.014" errors="0">
  <testcase name="demo" time="0.014" classname="sSDETGittt.Demogit"/>
</testsuite> <!-- sSDETGittt.Demogit -->
